2021-04-16 17:31:53.473  INFO 14596 --- [main] ku.message.MessageApplication            : Starting MessageApplication using Java 15.0.2 on Mathis with PID 14596 (D:\Documents\Bureau\Project-software-development-security\target\classes started by mathis.de-gueydon in D:\Documents\Bureau\Project-software-development-security)
2021-04-16 17:31:53.477  INFO 14596 --- [main] ku.message.MessageApplication            : No active profile set, falling back to default profiles: default
2021-04-16 17:31:54.374  INFO 14596 --- [main] .s.d.r.c.RepositoryConfigurationDelegate : Bootstrapping Spring Data JPA repositories in DEFAULT mode.
2021-04-16 17:31:54.452  INFO 14596 --- [main] .s.d.r.c.RepositoryConfigurationDelegate : Finished Spring Data repository scanning in 66 ms. Found 2 JPA repository interfaces.
2021-04-16 17:31:55.060  INFO 14596 --- [main] o.s.b.w.embedded.tomcat.TomcatWebServer  : Tomcat initialized with port(s): 8090 (http)
2021-04-16 17:31:55.070  INFO 14596 --- [main] o.apache.catalina.core.StandardService   : Starting service [Tomcat]
2021-04-16 17:31:55.070  INFO 14596 --- [main] org.apache.catalina.core.StandardEngine  : Starting Servlet engine: [Apache Tomcat/9.0.41]
2021-04-16 17:31:55.192  INFO 14596 --- [main] o.a.c.c.C.[Tomcat].[localhost].[/]       : Initializing Spring embedded WebApplicationContext
2021-04-16 17:31:55.192  INFO 14596 --- [main] w.s.c.ServletWebServerApplicationContext : Root WebApplicationContext: initialization completed in 1661 ms
2021-04-16 17:31:55.235  INFO 14596 --- [main] com.zaxxer.hikari.HikariDataSource       : HikariPool-1 - Starting...
2021-04-16 17:31:55.351  INFO 14596 --- [main] com.zaxxer.hikari.HikariDataSource       : HikariPool-1 - Start completed.
2021-04-16 17:31:55.356  INFO 14596 --- [main] o.s.b.a.h2.H2ConsoleAutoConfiguration    : H2 console available at '/h2-console'. Database available at 'jdbc:h2:mem:message'
2021-04-16 17:31:55.492  INFO 14596 --- [main] o.hibernate.jpa.internal.util.LogHelper  : HHH000204: Processing PersistenceUnitInfo [name: default]
2021-04-16 17:31:55.528  INFO 14596 --- [main] org.hibernate.Version                    : HHH000412: Hibernate ORM core version 5.4.27.Final
2021-04-16 17:31:55.639  INFO 14596 --- [main] o.hibernate.annotations.common.Version   : HCANN000001: Hibernate Commons Annotations {5.1.2.Final}
2021-04-16 17:31:55.721  INFO 14596 --- [main] org.hibernate.dialect.Dialect            : HHH000400: Using dialect: org.hibernate.dialect.H2Dialect
2021-04-16 17:31:56.230  INFO 14596 --- [main] o.h.e.t.j.p.i.JtaPlatformInitiator       : HHH000490: Using JtaPlatform implementation: [org.hibernate.engine.transaction.jta.platform.internal.NoJtaPlatform]
2021-04-16 17:31:56.239  INFO 14596 --- [main] j.LocalContainerEntityManagerFactoryBean : Initialized JPA EntityManagerFactory for persistence unit 'default'
2021-04-16 17:31:56.306  WARN 14596 --- [main] JpaBaseConfiguration$JpaWebConfiguration : spring.jpa.open-in-view is enabled by default. Therefore, database queries may be performed during view rendering. Explicitly configure spring.jpa.open-in-view to disable this warning
2021-04-16 17:31:56.724  INFO 14596 --- [main] o.s.s.web.DefaultSecurityFilterChain     : Will secure Ant [pattern='/h2-console/**'] with []
2021-04-16 17:31:56.758  INFO 14596 --- [main] o.s.s.web.DefaultSecurityFilterChain     : Will secure any request with [org.springframework.security.web.context.request.async.WebAsyncManagerIntegrationFilter@61d6c8c4, org.springframework.security.web.context.SecurityContextPersistenceFilter@6eab92f3, org.springframework.security.web.header.HeaderWriterFilter@7aa63f50, org.springframework.security.web.csrf.CsrfFilter@539dd2d0, org.springframework.security.web.authentication.logout.LogoutFilter@e18d2a2, org.springframework.security.web.authentication.UsernamePasswordAuthenticationFilter@3835b281, org.springframework.security.web.savedrequest.RequestCacheAwareFilter@21eedcde, org.springframework.security.web.servletapi.SecurityContextHolderAwareRequestFilter@37fffef3, org.springframework.security.web.authentication.AnonymousAuthenticationFilter@74e2cfc5, org.springframework.security.web.session.SessionManagementFilter@745cf754, org.springframework.security.web.access.ExceptionTranslationFilter@bff764c, org.springframework.security.web.access.intercept.FilterSecurityInterceptor@146fa9c0]
2021-04-16 17:31:56.868  INFO 14596 --- [main] o.s.s.concurrent.ThreadPoolTaskExecutor  : Initializing ExecutorService 'applicationTaskExecutor'
2021-04-16 17:31:57.140  INFO 14596 --- [main] o.s.b.w.embedded.tomcat.TomcatWebServer  : Tomcat started on port(s): 8090 (http) with context path ''
2021-04-16 17:31:57.154  INFO 14596 --- [main] ku.message.MessageApplication            : Started MessageApplication in 4.233 seconds (JVM running for 5.733)
